0 info it worked if it ends with ok
1 verbose cli [ '/usr/local/bin/node',
1 verbose cli   '/usr/local/bin/npm',
1 verbose cli   'install',
1 verbose cli   'ios-deploy',
1 verbose cli   '-g' ]
2 info using npm@3.5.3
3 info using node@v5.3.0
4 silly loadCurrentTree Starting
5 silly install loadCurrentTree
6 silly install readGlobalPackageData
7 silly fetchPackageMetaData ios-deploy
8 silly fetchNamedPackageData ios-deploy
9 silly mapToRegistry name ios-deploy
10 silly mapToRegistry using default registry
11 silly mapToRegistry registry https://registry.npmjs.org/
12 silly mapToRegistry uri https://registry.npmjs.org/ios-deploy
13 verbose request uri https://registry.npmjs.org/ios-deploy
14 verbose request no auth needed
15 info attempt registry request try #1 at 8:43:01 PM
16 verbose request using bearer token for auth
17 verbose request id 958514cd375d43f7
18 http request GET https://registry.npmjs.org/ios-deploy
19 http 200 https://registry.npmjs.org/ios-deploy
20 verbose headers { server: 'CouchDB/1.5.0 (Erlang OTP/R16B03)',
20 verbose headers   etag: '"4X59GJARSOVOL3OI0GZGPVJZQ"',
20 verbose headers   'content-type': 'application/json',
20 verbose headers   'cache-control': 'max-age=300',
20 verbose headers   'content-length': '33933',
20 verbose headers   'accept-ranges': 'bytes',
20 verbose headers   date: 'Tue, 12 Jan 2016 12:41:59 GMT',
20 verbose headers   via: '1.1 varnish',
20 verbose headers   connection: 'keep-alive',
20 verbose headers   'x-served-by': 'cache-nrt6134-NRT',
20 verbose headers   'x-cache': 'MISS',
20 verbose headers   'x-cache-hits': '0',
20 verbose headers   'x-timer': 'S1452602518.691385,VS0,VE551',
20 verbose headers   vary: 'Accept' }
21 silly get cb [ 200,
21 silly get   { server: 'CouchDB/1.5.0 (Erlang OTP/R16B03)',
21 silly get     etag: '"4X59GJARSOVOL3OI0GZGPVJZQ"',
21 silly get     'content-type': 'application/json',
21 silly get     'cache-control': 'max-age=300',
21 silly get     'content-length': '33933',
21 silly get     'accept-ranges': 'bytes',
21 silly get     date: 'Tue, 12 Jan 2016 12:41:59 GMT',
21 silly get     via: '1.1 varnish',
21 silly get     connection: 'keep-alive',
21 silly get     'x-served-by': 'cache-nrt6134-NRT',
21 silly get     'x-cache': 'MISS',
21 silly get     'x-cache-hits': '0',
21 silly get     'x-timer': 'S1452602518.691385,VS0,VE551',
21 silly get     vary: 'Accept' } ]
22 verbose get saving ios-deploy to /Users/JackieLJM/.npm/registry.npmjs.org/ios-deploy/.cache.json
23 silly install normalizeTree
24 silly loadCurrentTree Finishing
25 silly loadIdealTree Starting
26 silly install loadIdealTree
27 silly cloneCurrentTree Starting
28 silly install cloneCurrentTreeToIdealTree
29 silly cloneCurrentTree Finishing
30 silly loadShrinkwrap Starting
31 silly install loadShrinkwrap
32 silly loadShrinkwrap Finishing
33 silly loadAllDepsIntoIdealTree Starting
34 silly install loadAllDepsIntoIdealTree
35 silly resolveWithNewModule ios-deploy@1.8.4 checking installable status
36 silly cache add args [ 'ios-deploy', null ]
37 verbose cache add spec ios-deploy
38 silly cache add parsed spec Result {
38 silly cache add   raw: 'ios-deploy',
38 silly cache add   scope: null,
38 silly cache add   name: 'ios-deploy',
38 silly cache add   rawSpec: '',
38 silly cache add   spec: 'latest',
38 silly cache add   type: 'tag' }
39 silly addNamed ios-deploy@latest
40 verbose addNamed "latest" is being treated as a dist-tag for ios-deploy
41 info addNameTag [ 'ios-deploy', 'latest' ]
42 silly mapToRegistry name ios-deploy
43 silly mapToRegistry using default registry
44 silly mapToRegistry registry https://registry.npmjs.org/
45 silly mapToRegistry uri https://registry.npmjs.org/ios-deploy
46 verbose addNameTag registry:https://registry.npmjs.org/ios-deploy not in flight; fetching
47 verbose get https://registry.npmjs.org/ios-deploy not expired, no request
48 silly addNameTag next cb for ios-deploy with tag latest
49 silly addNamed ios-deploy@1.8.4
50 verbose addNamed "1.8.4" is a plain semver version for ios-deploy
51 silly mapToRegistry name ios-deploy
52 silly mapToRegistry using default registry
53 silly mapToRegistry registry https://registry.npmjs.org/
54 silly mapToRegistry uri https://registry.npmjs.org/ios-deploy
55 verbose addRemoteTarball https://registry.npmjs.org/ios-deploy/-/ios-deploy-1.8.4.tgz not in flight; adding
56 verbose addRemoteTarball [ 'https://registry.npmjs.org/ios-deploy/-/ios-deploy-1.8.4.tgz',
56 verbose addRemoteTarball   '2edc8ca78b512505af16bb178cdbc60fa524dabb' ]
57 info retry fetch attempt 1 at 8:43:03 PM
58 info attempt registry request try #1 at 8:43:03 PM
59 http fetch GET https://registry.npmjs.org/ios-deploy/-/ios-deploy-1.8.4.tgz
60 verbose request using bearer token for auth
61 http fetch 200 https://registry.npmjs.org/ios-deploy/-/ios-deploy-1.8.4.tgz
62 silly fetchAndShaCheck shasum 2edc8ca78b512505af16bb178cdbc60fa524dabb
63 verbose addTmpTarball /var/folders/zq/wky8vdj513v_71dvx0dx72500000gn/T/npm-720-3d416847/registry.npmjs.org/ios-deploy/-/ios-deploy-1.8.4.tgz not in flight; adding
64 verbose addTmpTarball already have metadata; skipping unpack for ios-deploy@1.8.4
65 silly cache afterAdd ios-deploy@1.8.4
66 verbose afterAdd /Users/JackieLJM/.npm/ios-deploy/1.8.4/package/package.json not in flight; writing
67 verbose afterAdd /Users/JackieLJM/.npm/ios-deploy/1.8.4/package/package.json written
68 silly loadAllDepsIntoIdealTree Finishing
69 silly idealTree:prePrune lib
69 silly idealTree:prePrune └── ios-deploy@1.8.4
70 silly loadIdealTree Finishing
71 silly currentTree lib
72 silly idealTree lib
72 silly idealTree └── ios-deploy@1.8.4
73 silly generateActionsToTake Starting
74 silly install generateActionsToTake
75 warn checkPermissions Missing write access to /usr/local/lib/node_modules
76 silly rollbackFailedOptional Starting
77 silly rollbackFailedOptional Finishing
78 silly runTopLevelLifecycles Starting
79 silly runTopLevelLifecycles Finishing
80 silly install printInstalled
81 verbose stack Error: EACCES: permission denied, access '/usr/local/lib/node_modules'
81 verbose stack     at Error (native)
82 verbose cwd /Users/JackieLJM/Desktop/ionic/sidemenu
83 error Darwin 15.2.0
84 error argv "/usr/local/bin/node" "/usr/local/bin/npm" "install" "ios-deploy" "-g"
85 error node v5.3.0
86 error npm  v3.5.3
87 error path /usr/local/lib/node_modules
88 error code EACCES
89 error errno -13
90 error syscall access
91 error Error: EACCES: permission denied, access '/usr/local/lib/node_modules'
91 error     at Error (native)
91 error  { [Error: EACCES: permission denied, access '/usr/local/lib/node_modules']
91 error   errno: -13,
91 error   code: 'EACCES',
91 error   syscall: 'access',
91 error   path: '/usr/local/lib/node_modules' }
92 error Please try running this command again as root/Administrator.
93 verbose exit [ -13, true ]
